<?xml version="1.0" encoding="UTF-8"?>
<testsuite name="com.example.calculator.ExampleUnitTest" tests="1" skipped="0" failures="0" errors="0" timestamp="2021-05-10T15:39:34" hostname="cs-298693425086-default-default-m762d" time="0.01">
  <properties/>
  <testcase name="addition_isCorrect" classname="com.example.calculator.ExampleUnitTest" time="0.01"/>
  <system-out><![CDATA[]]></system-out>
  <system-err><![CDATA[]]></system-err>
</testsuite>
